<?xml version="1.0" encoding="UTF-8"?>
<testsuite xmlns:xsi="http://www.w3.org/2001/XMLSchema-instance" xsi:noNamespaceSchemaLocation="https://maven.apache.org/surefire/maven-surefire-plugin/xsd/surefire-test-report-3.0.xsd" version="3.0" name="com.streamflow.core.MessageTest" time="0.042" tests="6" errors="0" skipped="0" failures="0">
  <properties>
[...]
</properties>
  <testcase name="testMessageCreation" classname="com.streamflow.core.MessageTest" time="0.002"/>
  <testcase name="testMessageToString" classname="com.streamflow.core.MessageTest" time="0.032"/>
  <testcase name="testMessageHashCode" classname="com.streamflow.core.MessageTest" time="0.001"/>
  <testcase name="testMessageEquality" classname="com.streamflow.core.MessageTest" time="0.001"/>
  <testcase name="testMessageImmutability" classname="com.streamflow.core.MessageTest" time="0.001"/>
  <testcase name="testMessageWithNullKey" classname="com.streamflow.core.MessageTest" time="0"/>
</testsuite>