<?xml version="1.0" encoding="UTF-8"?>
<testsuite xmlns:xsi="http://www.w3.org/2001/XMLSchema-instance" xsi:noNamespaceSchemaLocation="https://maven.apache.org/surefire/maven-surefire-plugin/xsd/surefire-test-report-3.0.xsd" version="3.0" name="com.streamflow.partition.PartitionRebalancerTest" time="0.032" tests="6" errors="0" skipped="0" failures="0">
  <properties>
[...]
</properties>
  <testcase name="testAssignPartitionsForNewTopic" classname="com.streamflow.partition.PartitionRebalancerTest" time="0.004">
    <system-err><![CDATA[[main] INFO com.streamflow.broker.ClusterMetadata - Registered broker 1 at localhost:9092
[main] INFO com.streamflow.broker.ClusterMetadata - Registered broker 2 at localhost:9093
[main] INFO com.streamflow.broker.ClusterMetadata - Registered broker 3 at localhost:9094
[main] INFO com.streamflow.partition.PartitionRebalancer - Assigning partitions for new topic: test-topic
[main] INFO com.streamflow.broker.PartitionManager - Promoting partition test-topic-0 to leader on broker 1
[main] INFO com.streamflow.broker.BrokerNode - Broker 1 became leader for partition test-topic-0
[main] INFO com.streamflow.broker.PartitionManager - Demoting partition test-topic-0 to follower on broker 2
[main] INFO com.streamflow.broker.BrokerNode - Broker 2 became follower for partition test-topic-0
[main] INFO com.streamflow.broker.PartitionManager - Promoting partition test-topic-1 to leader on broker 2
[main] INFO com.streamflow.broker.BrokerNode - Broker 2 became leader for partition test-topic-1
[main] INFO com.streamflow.broker.PartitionManager - Demoting partition test-topic-1 to follower on broker 3
[main] INFO com.streamflow.broker.BrokerNode - Broker 3 became follower for partition test-topic-1
[main] INFO com.streamflow.broker.PartitionManager - Promoting partition test-topic-2 to leader on broker 3
[main] INFO com.streamflow.broker.BrokerNode - Broker 3 became leader for partition test-topic-2
[main] INFO com.streamflow.broker.PartitionManager - Demoting partition test-topic-2 to follower on broker 1
[main] INFO com.streamflow.broker.BrokerNode - Broker 1 became follower for partition test-topic-2
[main] INFO com.streamflow.broker.PartitionManager - Promoting partition test-topic-3 to leader on broker 1
[main] INFO com.streamflow.broker.BrokerNode - Broker 1 became leader for partition test-topic-3
[main] INFO com.streamflow.broker.PartitionManager - Demoting partition test-topic-3 to follower on broker 2
[main] INFO com.streamflow.broker.BrokerNode - Broker 2 became follower for partition test-topic-3
[main] INFO com.streamflow.broker.PartitionManager - Promoting partition test-topic-4 to leader on broker 2
[main] INFO com.streamflow.broker.BrokerNode - Broker 2 became leader for partition test-topic-4
[main] INFO com.streamflow.broker.PartitionManager - Demoting partition test-topic-4 to follower on broker 3
[main] INFO com.streamflow.broker.BrokerNode - Broker 3 became follower for partition test-topic-4
[main] INFO com.streamflow.broker.PartitionManager - Promoting partition test-topic-5 to leader on broker 3
[main] INFO com.streamflow.broker.BrokerNode - Broker 3 became leader for partition test-topic-5
[main] INFO com.streamflow.broker.PartitionManager - Demoting partition test-topic-5 to follower on broker 1
[main] INFO com.streamflow.broker.BrokerNode - Broker 1 became follower for partition test-topic-5
[main] INFO com.streamflow.partition.PartitionRebalancer - Completed partition assignment for topic: test-topic
]]></system-err>
  </testcase>
  <testcase name="testRebalanceWithNoFailures" classname="com.streamflow.partition.PartitionRebalancerTest" time="0.003">
    <system-err><![CDATA[[main] INFO com.streamflow.broker.ClusterMetadata - Registered broker 1 at localhost:9092
[main] INFO com.streamflow.broker.ClusterMetadata - Registered broker 2 at localhost:9093
[main] INFO com.streamflow.broker.ClusterMetadata - Registered broker 3 at localhost:9094
]]></system-err>
  </testcase>
  <testcase name="testRebalanceWithFailedBroker" classname="com.streamflow.partition.PartitionRebalancerTest" time="0.005">
    <system-err><![CDATA[[main] INFO com.streamflow.broker.ClusterMetadata - Registered broker 1 at localhost:9092
[main] INFO com.streamflow.broker.ClusterMetadata - Registered broker 2 at localhost:9093
[main] INFO com.streamflow.broker.ClusterMetadata - Registered broker 3 at localhost:9094
[main] INFO com.streamflow.partition.PartitionRebalancer - Assigning partitions for new topic: test-topic
[main] INFO com.streamflow.broker.PartitionManager - Promoting partition test-topic-0 to leader on broker 1
[main] INFO com.streamflow.broker.BrokerNode - Broker 1 became leader for partition test-topic-0
[main] INFO com.streamflow.broker.PartitionManager - Demoting partition test-topic-0 to follower on broker 2
[main] INFO com.streamflow.broker.BrokerNode - Broker 2 became follower for partition test-topic-0
[main] INFO com.streamflow.broker.PartitionManager - Promoting partition test-topic-1 to leader on broker 2
[main] INFO com.streamflow.broker.BrokerNode - Broker 2 became leader for partition test-topic-1
[main] INFO com.streamflow.broker.PartitionManager - Demoting partition test-topic-1 to follower on broker 3
[main] INFO com.streamflow.broker.BrokerNode - Broker 3 became follower for partition test-topic-1
[main] INFO com.streamflow.broker.PartitionManager - Promoting partition test-topic-2 to leader on broker 3
[main] INFO com.streamflow.broker.BrokerNode - Broker 3 became leader for partition test-topic-2
[main] INFO com.streamflow.broker.PartitionManager - Demoting partition test-topic-2 to follower on broker 1
[main] INFO com.streamflow.broker.BrokerNode - Broker 1 became follower for partition test-topic-2
[main] INFO com.streamflow.broker.PartitionManager - Promoting partition test-topic-3 to leader on broker 1
[main] INFO com.streamflow.broker.BrokerNode - Broker 1 became leader for partition test-topic-3
[main] INFO com.streamflow.broker.PartitionManager - Demoting partition test-topic-3 to follower on broker 2
[main] INFO com.streamflow.broker.BrokerNode - Broker 2 became follower for partition test-topic-3
[main] INFO com.streamflow.broker.PartitionManager - Promoting partition test-topic-4 to leader on broker 2
[main] INFO com.streamflow.broker.BrokerNode - Broker 2 became leader for partition test-topic-4
[main] INFO com.streamflow.broker.PartitionManager - Demoting partition test-topic-4 to follower on broker 3
[main] INFO com.streamflow.broker.BrokerNode - Broker 3 became follower for partition test-topic-4
[main] INFO com.streamflow.broker.PartitionManager - Promoting partition test-topic-5 to leader on broker 3
[main] INFO com.streamflow.broker.BrokerNode - Broker 3 became leader for partition test-topic-5
[main] INFO com.streamflow.broker.PartitionManager - Demoting partition test-topic-5 to follower on broker 1
[main] INFO com.streamflow.broker.BrokerNode - Broker 1 became follower for partition test-topic-5
[main] INFO com.streamflow.partition.PartitionRebalancer - Completed partition assignment for topic: test-topic
[main] WARN com.streamflow.broker.ClusterMetadata - Broker 1 failed, affected partitions: [test-topic-0, test-topic-3]
[main] INFO com.streamflow.broker.ClusterMetadata - Unregistered broker 1
[main] INFO com.streamflow.partition.PartitionRebalancer - Performing cluster rebalance
[main] INFO com.streamflow.partition.PartitionRebalancer - Rebalancing topic: test-topic
[main] INFO com.streamflow.partition.PartitionRebalancer - Migrating partition test-topic-0 from [1, 2] to [2, 3]
[main] INFO com.streamflow.broker.PartitionManager - Demoting partition test-topic-0 to follower on broker 3
[main] INFO com.streamflow.broker.BrokerNode - Broker 3 became follower for partition test-topic-0
[main] INFO com.streamflow.broker.PartitionManager - Promoting partition test-topic-0 to leader on broker 2
[main] INFO com.streamflow.broker.BrokerNode - Broker 2 became leader for partition test-topic-0
[main] INFO com.streamflow.partition.PartitionRebalancer - Completed migration of partition test-topic-0
[main] INFO com.streamflow.partition.PartitionRebalancer - Migrating partition test-topic-1 from [2, 3] to [3, 2]
[main] INFO com.streamflow.broker.PartitionManager - Promoting partition test-topic-1 to leader on broker 3
[main] INFO com.streamflow.broker.BrokerNode - Broker 3 became leader for partition test-topic-1
[main] INFO com.streamflow.partition.PartitionRebalancer - Completed migration of partition test-topic-1
[main] INFO com.streamflow.partition.PartitionRebalancer - Migrating partition test-topic-2 from [3, 1] to [2, 3]
[main] INFO com.streamflow.broker.PartitionManager - Demoting partition test-topic-2 to follower on broker 2
[main] INFO com.streamflow.broker.BrokerNode - Broker 2 became follower for partition test-topic-2
[main] INFO com.streamflow.broker.PartitionManager - Promoting partition test-topic-2 to leader on broker 2
[main] INFO com.streamflow.broker.BrokerNode - Broker 2 became leader for partition test-topic-2
[main] INFO com.streamflow.partition.PartitionRebalancer - Completed migration of partition test-topic-2
[main] INFO com.streamflow.partition.PartitionRebalancer - Migrating partition test-topic-3 from [1, 2] to [3, 2]
[main] INFO com.streamflow.broker.PartitionManager - Demoting partition test-topic-3 to follower on broker 3
[main] INFO com.streamflow.broker.BrokerNode - Broker 3 became follower for partition test-topic-3
[main] INFO com.streamflow.broker.PartitionManager - Promoting partition test-topic-3 to leader on broker 3
[main] INFO com.streamflow.broker.BrokerNode - Broker 3 became leader for partition test-topic-3
[main] INFO com.streamflow.partition.PartitionRebalancer - Completed migration of partition test-topic-3
[main] INFO com.streamflow.partition.PartitionRebalancer - Migrating partition test-topic-5 from [3, 1] to [3, 2]
[main] INFO com.streamflow.broker.PartitionManager - Demoting partition test-topic-5 to follower on broker 2
[main] INFO com.streamflow.broker.BrokerNode - Broker 2 became follower for partition test-topic-5
[main] INFO com.streamflow.broker.PartitionManager - Promoting partition test-topic-5 to leader on broker 3
[main] INFO com.streamflow.broker.BrokerNode - Broker 3 became leader for partition test-topic-5
[main] INFO com.streamflow.partition.PartitionRebalancer - Completed migration of partition test-topic-5
[main] INFO com.streamflow.partition.PartitionRebalancer - Cluster rebalance completed
]]></system-err>
  </testcase>
  <testcase name="testPartitionDistribution" classname="com.streamflow.partition.PartitionRebalancerTest" time="0.004">
    <system-err><![CDATA[[main] INFO com.streamflow.broker.ClusterMetadata - Registered broker 1 at localhost:9092
[main] INFO com.streamflow.broker.ClusterMetadata - Registered broker 2 at localhost:9093
[main] INFO com.streamflow.broker.ClusterMetadata - Registered broker 3 at localhost:9094
[main] INFO com.streamflow.partition.PartitionRebalancer - Assigning partitions for new topic: test-topic
[main] INFO com.streamflow.broker.PartitionManager - Promoting partition test-topic-0 to leader on broker 1
[main] INFO com.streamflow.broker.BrokerNode - Broker 1 became leader for partition test-topic-0
[main] INFO com.streamflow.broker.PartitionManager - Promoting partition test-topic-1 to leader on broker 2
[main] INFO com.streamflow.broker.BrokerNode - Broker 2 became leader for partition test-topic-1
[main] INFO com.streamflow.broker.PartitionManager - Promoting partition test-topic-2 to leader on broker 3
[main] INFO com.streamflow.broker.BrokerNode - Broker 3 became leader for partition test-topic-2
[main] INFO com.streamflow.broker.PartitionManager - Promoting partition test-topic-7 to leader on broker 2
[main] INFO com.streamflow.broker.BrokerNode - Broker 2 became leader for partition test-topic-7
[main] INFO com.streamflow.broker.PartitionManager - Promoting partition test-topic-8 to leader on broker 3
[main] INFO com.streamflow.broker.BrokerNode - Broker 3 became leader for partition test-topic-8
[main] INFO com.streamflow.broker.PartitionManager - Promoting partition test-topic-3 to leader on broker 1
[main] INFO com.streamflow.broker.BrokerNode - Broker 1 became leader for partition test-topic-3
[main] INFO com.streamflow.broker.PartitionManager - Promoting partition test-topic-4 to leader on broker 2
[main] INFO com.streamflow.broker.BrokerNode - Broker 2 became leader for partition test-topic-4
[main] INFO com.streamflow.broker.PartitionManager - Promoting partition test-topic-5 to leader on broker 3
[main] INFO com.streamflow.broker.BrokerNode - Broker 3 became leader for partition test-topic-5
[main] INFO com.streamflow.broker.PartitionManager - Promoting partition test-topic-6 to leader on broker 1
[main] INFO com.streamflow.broker.BrokerNode - Broker 1 became leader for partition test-topic-6
[main] INFO com.streamflow.partition.PartitionRebalancer - Completed partition assignment for topic: test-topic
]]></system-err>
  </testcase>
  <testcase name="testRemovePartitionsForTopic" classname="com.streamflow.partition.PartitionRebalancerTest" time="0.003">
    <system-err><![CDATA[[main] INFO com.streamflow.broker.ClusterMetadata - Registered broker 1 at localhost:9092
[main] INFO com.streamflow.broker.ClusterMetadata - Registered broker 2 at localhost:9093
[main] INFO com.streamflow.broker.ClusterMetadata - Registered broker 3 at localhost:9094
[main] INFO com.streamflow.partition.PartitionRebalancer - Assigning partitions for new topic: test-topic
[main] INFO com.streamflow.broker.PartitionManager - Promoting partition test-topic-0 to leader on broker 1
[main] INFO com.streamflow.broker.BrokerNode - Broker 1 became leader for partition test-topic-0
[main] INFO com.streamflow.broker.PartitionManager - Demoting partition test-topic-0 to follower on broker 2
[main] INFO com.streamflow.broker.BrokerNode - Broker 2 became follower for partition test-topic-0
[main] INFO com.streamflow.broker.PartitionManager - Promoting partition test-topic-1 to leader on broker 2
[main] INFO com.streamflow.broker.BrokerNode - Broker 2 became leader for partition test-topic-1
[main] INFO com.streamflow.broker.PartitionManager - Demoting partition test-topic-1 to follower on broker 3
[main] INFO com.streamflow.broker.BrokerNode - Broker 3 became follower for partition test-topic-1
[main] INFO com.streamflow.broker.PartitionManager - Promoting partition test-topic-2 to leader on broker 3
[main] INFO com.streamflow.broker.BrokerNode - Broker 3 became leader for partition test-topic-2
[main] INFO com.streamflow.broker.PartitionManager - Demoting partition test-topic-2 to follower on broker 1
[main] INFO com.streamflow.broker.BrokerNode - Broker 1 became follower for partition test-topic-2
[main] INFO com.streamflow.partition.PartitionRebalancer - Completed partition assignment for topic: test-topic
[main] INFO com.streamflow.partition.PartitionRebalancer - Removing partitions for topic: test-topic
[main] INFO com.streamflow.broker.PartitionManager - Demoting partition test-topic-0 to follower on broker 1
[main] INFO com.streamflow.broker.BrokerNode - Broker 1 became follower for partition test-topic-0
[main] INFO com.streamflow.broker.PartitionManager - Demoting partition test-topic-0 to follower on broker 2
[main] INFO com.streamflow.broker.BrokerNode - Broker 2 became follower for partition test-topic-0
[main] INFO com.streamflow.broker.PartitionManager - Demoting partition test-topic-1 to follower on broker 2
[main] INFO com.streamflow.broker.BrokerNode - Broker 2 became follower for partition test-topic-1
[main] INFO com.streamflow.broker.PartitionManager - Demoting partition test-topic-1 to follower on broker 3
[main] INFO com.streamflow.broker.BrokerNode - Broker 3 became follower for partition test-topic-1
[main] INFO com.streamflow.broker.PartitionManager - Demoting partition test-topic-2 to follower on broker 3
[main] INFO com.streamflow.broker.BrokerNode - Broker 3 became follower for partition test-topic-2
[main] INFO com.streamflow.broker.PartitionManager - Demoting partition test-topic-2 to follower on broker 1
[main] INFO com.streamflow.broker.BrokerNode - Broker 1 became follower for partition test-topic-2
[main] INFO com.streamflow.partition.PartitionRebalancer - Completed partition removal for topic: test-topic
]]></system-err>
  </testcase>
  <testcase name="testAssignPartitionsInsufficientBrokers" classname="com.streamflow.partition.PartitionRebalancerTest" time="0.009">
    <system-err><![CDATA[[main] INFO com.streamflow.broker.ClusterMetadata - Registered broker 1 at localhost:9092
[main] INFO com.streamflow.partition.PartitionRebalancer - Assigning partitions for new topic: test-topic
]]></system-err>
  </testcase>
</testsuite>